Add component (AddParameter): Name = "LatestRevisionDate"; Value = "17-Jul-2002"; VariantName = "[No Variations]"
Add component (AddParameter): Name = "LatestRevisionNote"; Value = "Re-released for DXP Platform."; VariantName = "[No Variations]"
Add component (AddParameter): Name = "Publisher"; Value = "Altium Limited"; VariantName = "[No Variations]"
Added Component: Designator=P1(HDR2X10_CEN)
Add component. Clean all parameters for all variants
Add component (AddParameter): Name = "LatestRevisionDate"; Value = "17-Jul-2002"; VariantName = "[No Variations]"
Add component (AddParameter): Name = "LatestRevisionNote"; Value = "Re-released for DXP Platform."; VariantName = "[No Variations]"
Add component (AddParameter): Name = "Publisher"; Value = "Altium Limited"; VariantName = "[No Variations]"
Add component (AddParameter): Name = "LatestRevisionDate"; Value = "17-Jul-2002"; VariantName = "[No Variations]"
Add component (AddParameter): Name = "LatestRevisionNote"; Value = "Re-released for DXP Platform."; VariantName = "[No Variations]"
Add component (AddParameter): Name = "Publisher"; Value = "Altium Limited"; VariantName = "[No Variations]"
Added Component: Designator=P2(HDR2X8_CEN)
Add component. Clean all parameters for all variants
Add component (AddParameter): Name = "LatestRevisionDate"; Value = "17-Jul-2002"; VariantName = "[No Variations]"
Add component (AddParameter): Name = "LatestRevisionNote"; Value = "Re-released for DXP Platform."; VariantName = "[No Variations]"
Add component (AddParameter): Name = "Publisher"; Value = "Altium Limited"; VariantName = "[No Variations]"
Add component (AddParameter): Name = "ComponentLink1 Description"; Value = "Manufacturer"; VariantName = "[No Variations]"
Add component (AddParameter): Name = "ComponentLink1URL"; Value = "http://www.we-online.com"; VariantName = "[No Variations]"
Add component (AddParameter): Name = "ComponentLink2 Description"; Value = "Datasheet"; VariantName = "[No Variations]"
Add component (AddParameter): Name = "ComponentLink2URL"; Value = "http://katalog.we-online.de/em/datasheet/6120xx235121.pdf"; VariantName = "[No Variations]"
Add component (AddParameter): Name = "Created by"; Value = "Baojun Chen"; VariantName = "[No Variations]"
Add component (AddParameter): Name = "Created Date"; Value = "March 2016"; VariantName = "[No Variations]"
Add component (AddParameter): Name = "Manufacturer"; Value = "Wurth Elektronik"; VariantName = "[No Variations]"
Add component (AddParameter): Name = "NoPins"; Value = "20"; VariantName = "[No Variations]"
Add component (AddParameter): Name = "partNo"; Value = "612020235121"; VariantName = "[No Variations]"
Added Component: Designator=P3(612020235121)
Add component. Clean all parameters for all variants
Add component (AddParameter): Name = "ComponentLink1 Description"; Value = "Manufacturer"; VariantName = "[No Variations]"
Add component (AddParameter): Name = "ComponentLink1URL"; Value = "http://www.we-online.com"; VariantName = "[No Variations]"
Add component (AddParameter): Name = "ComponentLink2 Description"; Value = "Datasheet"; VariantName = "[No Variations]"
Add component (AddParameter): Name = "ComponentLink2URL"; Value = "http://katalog.we-online.de/em/datasheet/6120xx235121.pdf"; VariantName = "[No Variations]"
Add component (AddParameter): Name = "Created by"; Value = "Baojun Chen"; VariantName = "[No Variations]"
Add component (AddParameter): Name = "Created Date"; Value = "March 2016"; VariantName = "[No Variations]"
Add component (AddParameter): Name = "Manufacturer"; Value = "Wurth Elektronik"; VariantName = "[No Variations]"
Add component (AddParameter): Name = "NoPins"; Value = "20"; VariantName = "[No Variations]"
Add component (AddParameter): Name = "partNo"; Value = "612020235121"; VariantName = "[No Variations]"
Add component (AddParameter): Name = "LatestRevisionDate"; Value = "17-Jul-2002"; VariantName = "[No Variations]"
Add component (AddParameter): Name = "LatestRevisionNote"; Value = "Re-released for DXP Platform."; VariantName = "[No Variations]"
Add component (AddParameter): Name = "Publisher"; Value = "Altium Limited"; VariantName = "[No Variations]"
Added Component: Designator=P4(HDR2X6_CEN)
Add component. Clean all parameters for all variants
Add component (AddParameter): Name = "LatestRevisionDate"; Value = "17-Jul-2002"; VariantName = "[No Variations]"
Add component (AddParameter): Name = "LatestRevisionNote"; Value = "Re-released for DXP Platform."; VariantName = "[No Variations]"
Add component (AddParameter): Name = "Publisher"; Value = "Altium Limited"; VariantName = "[No Variations]"
Add component (AddParameter): Name = "ComponentLink1Description"; Value = "Manufacturer"; VariantName = "[No Variations]"
Add component (AddParameter): Name = "ComponentLink1URL"; Value = "http://www.we-online.de"; VariantName = "[No Variations]"
Add component (AddParameter): Name = "ComponentLink2Description"; Value = "Datasheet"; VariantName = "[No Variations]"
Add component (AddParameter): Name = "ComponentLink2URL"; Value = "http://katalog.we-online.de/em/datasheet/6912137100xx.pdf"; VariantName = "[No Variations]"
Add component (AddParameter): Name = "Part Number"; Value = "691213710002"; VariantName = "[No Variations]"
Add component (AddParameter): Name = "Pin Number"; Value = "2"; VariantName = "[No Variations]"
Add component (AddParameter): Name = "Pitch"; Value = "5 mm"; VariantName = "[No Variations]"
Add component (AddParameter): Name = "Published Date"; Value = "March 2017"; VariantName = "[No Variations]"
Add component (AddParameter): Name = "Publisher"; Value = "Wurth Elektronik"; VariantName = "[No Variations]"
Added Component: Designator=P5(691213710002)
Add component. Clean all parameters for all variants
Add component (AddParameter): Name = "ComponentLink1Description"; Value = "Manufacturer"; VariantName = "[No Variations]"
Add component (AddParameter): Name = "ComponentLink1URL"; Value = "http://www.we-online.de"; VariantName = "[No Variations]"
Add component (AddParameter): Name = "ComponentLink2Description"; Value = "Datasheet"; VariantName = "[No Variations]"
Add component (AddParameter): Name = "ComponentLink2URL"; Value = "http://katalog.we-online.de/em/datasheet/6912137100xx.pdf"; VariantName = "[No Variations]"
Add component (AddParameter): Name = "Part Number"; Value = "691213710002"; VariantName = "[No Variations]"
Add component (AddParameter): Name = "Pin Number"; Value = "2"; VariantName = "[No Variations]"
Add component (AddParameter): Name = "Pitch"; Value = "5 mm"; VariantName = "[No Variations]"
Add component (AddParameter): Name = "Published Date"; Value = "March 2017"; VariantName = "[No Variations]"
Add component (AddParameter): Name = "Publisher"; Value = "Wurth Elektronik"; VariantName = "[No Variations]"
Added Pin To Net: NetName=AGND Pin=P3-17
Added Pin To Net: NetName=AGND Pin=P4-2
Added Pin To Net: NetName=AGND Pin=P4-8
Added Net: Name=AGND
Added Pin To Net: NetName=CS1 Pin=P1-18
Added Pin To Net: NetName=CS1 Pin=P3-9
Added Net: Name=CS1
Added Pin To Net: NetName=CS2 Pin=P1-19
Added Pin To Net: NetName=CS2 Pin=P3-11
Added Net: Name=CS2
Added Pin To Net: NetName=CS3 Pin=P1-20
Added Pin To Net: NetName=CS3 Pin=P3-13
Added Net: Name=CS3
Added Pin To Net: NetName=LC1 Pin=P3-16
Added Pin To Net: NetName=LC1 Pin=P4-4
Added Net: Name=LC1
Added Pin To Net: NetName=LC2 Pin=P3-18
Added Pin To Net: NetName=LC2 Pin=P4-5
Added Net: Name=LC2
Added Pin To Net: NetName=LC3 Pin=P3-20
Added Pin To Net: NetName=LC3 Pin=P4-6
Added Net: Name=LC3
Added Pin To Net: NetName=M+ Pin=P3-3
Added Pin To Net: NetName=M+ Pin=P5-1
Added Net: Name=M+
Added Pin To Net: NetName=M- Pin=P2-6
Added Pin To Net: NetName=M- Pin=P2-7
Added Pin To Net: NetName=M- Pin=P2-14
Added Pin To Net: NetName=M- Pin=P2-15
Added Pin To Net: NetName=M- Pin=P3-1
Added Pin To Net: NetName=M- Pin=P3-6
Added Pin To Net: NetName=M- Pin=P5-2
Added Net: Name=M-
Added Pin To Net: NetName=MISO Pin=P1-10
Added Pin To Net: NetName=MISO Pin=P3-12
Added Net: Name=MISO
Added Pin To Net: NetName=MOSI Pin=P1-7
Added Pin To Net: NetName=MOSI Pin=P3-10
Added Net: Name=MOSI
Added Pin To Net: NetName=PWM1 Pin=P1-1
Added Pin To Net: NetName=PWM1 Pin=P3-5
Added Net: Name=PWM1
Added Pin To Net: NetName=PWM2 Pin=P1-2
Added Pin To Net: NetName=PWM2 Pin=P3-7
Added Net: Name=PWM2
Added Pin To Net: NetName=PWM3 Pin=P1-3
Added Pin To Net: NetName=PWM3 Pin=P3-8
Added Net: Name=PWM3
Added Pin To Net: NetName=SCK Pin=P1-8
Added Pin To Net: NetName=SCK Pin=P3-14
Added Net: Name=SCK
Added Pin To Net: NetName=VCC33 Pin=P2-4
Added Pin To Net: NetName=VCC33 Pin=P2-12
Added Pin To Net: NetName=VCC33 Pin=P3-2
Added Pin To Net: NetName=VCC33 Pin=P3-4
Added Net: Name=VCC33
Added Pin To Net: NetName=VCCA Pin=P3-15
Added Pin To Net: NetName=VCCA Pin=P4-1
Added Pin To Net: NetName=VCCA Pin=P4-7
Added Net: Name=VCCA
Added Class: Name=Sheet1
