Removed Pin From Net: NetName=PWM1 Pin=P3-1
Removed Pin From Net: NetName=PWM2 Pin=P3-3
Removed Pin From Net: NetName=PWM3 Pin=P3-5
Removed Pin From Net: NetName=CS1 Pin=P5-1
Removed Pin From Net: NetName=CS2 Pin=P5-3
Removed Pin From Net: NetName=CS3 Pin=P5-5
Removed Pin From Net: NetName=LC1 Pin=P6-1
Removed Pin From Net: NetName=LC2 Pin=P6-3
Removed Pin From Net: NetName=LC3 Pin=P6-5
Removed Member From Class: ClassName=Sheet2 Member=P3
Removed Member From Class: ClassName=Sheet2 Member=P5
Removed Member From Class: ClassName=Sheet2 Member=P6
Add component (AddParameter): Name = "ComponentLink1Description"; Value = "Manufacturer"; VariantName = "[No Variations]"
Add component (AddParameter): Name = "ComponentLink1URL"; Value = "http://www.we-online.de"; VariantName = "[No Variations]"
Add component (AddParameter): Name = "ComponentLink2Description"; Value = "Datasheet"; VariantName = "[No Variations]"
Add component (AddParameter): Name = "ComponentLink2URL"; Value = "http://katalog.we-online.de/em/datasheet/6130xx21121.pdf"; VariantName = "[No Variations]"
Add component (AddParameter): Name = "PartNumber"; Value = "61300621121"; VariantName = "[No Variations]"
Add component (AddParameter): Name = "PinNumber"; Value = "06p"; VariantName = "[No Variations]"
Add component (AddParameter): Name = "PublishedDate"; Value = "July 2016"; VariantName = "[No Variations]"
Add component (AddParameter): Name = "Publisher"; Value = "Wurth Elektronik"; VariantName = "[No Variations]"
Added Component: Designator=J1(61300621121)
Add component. Clean all parameters for all variants
Add component (AddParameter): Name = "ComponentLink1Description"; Value = "Manufacturer"; VariantName = "[No Variations]"
Add component (AddParameter): Name = "ComponentLink1URL"; Value = "http://www.we-online.de"; VariantName = "[No Variations]"
Add component (AddParameter): Name = "ComponentLink2Description"; Value = "Datasheet"; VariantName = "[No Variations]"
Add component (AddParameter): Name = "ComponentLink2URL"; Value = "http://katalog.we-online.de/em/datasheet/6130xx21121.pdf"; VariantName = "[No Variations]"
Add component (AddParameter): Name = "PartNumber"; Value = "61300621121"; VariantName = "[No Variations]"
Add component (AddParameter): Name = "PinNumber"; Value = "06p"; VariantName = "[No Variations]"
Add component (AddParameter): Name = "PublishedDate"; Value = "July 2016"; VariantName = "[No Variations]"
Add component (AddParameter): Name = "Publisher"; Value = "Wurth Elektronik"; VariantName = "[No Variations]"
Add component (AddParameter): Name = "ComponentLink1Description"; Value = "Manufacturer"; VariantName = "[No Variations]"
Add component (AddParameter): Name = "ComponentLink1URL"; Value = "http://www.we-online.de"; VariantName = "[No Variations]"
Add component (AddParameter): Name = "ComponentLink2Description"; Value = "Datasheet"; VariantName = "[No Variations]"
Add component (AddParameter): Name = "ComponentLink2URL"; Value = "http://katalog.we-online.de/em/datasheet/6130xx21121.pdf"; VariantName = "[No Variations]"
Add component (AddParameter): Name = "PartNumber"; Value = "61300621121"; VariantName = "[No Variations]"
Add component (AddParameter): Name = "PinNumber"; Value = "06p"; VariantName = "[No Variations]"
Add component (AddParameter): Name = "PublishedDate"; Value = "July 2016"; VariantName = "[No Variations]"
Add component (AddParameter): Name = "Publisher"; Value = "Wurth Elektronik"; VariantName = "[No Variations]"
Added Component: Designator=J2(61300621121)
Add component. Clean all parameters for all variants
Add component (AddParameter): Name = "ComponentLink1Description"; Value = "Manufacturer"; VariantName = "[No Variations]"
Add component (AddParameter): Name = "ComponentLink1URL"; Value = "http://www.we-online.de"; VariantName = "[No Variations]"
Add component (AddParameter): Name = "ComponentLink2Description"; Value = "Datasheet"; VariantName = "[No Variations]"
Add component (AddParameter): Name = "ComponentLink2URL"; Value = "http://katalog.we-online.de/em/datasheet/6130xx21121.pdf"; VariantName = "[No Variations]"
Add component (AddParameter): Name = "PartNumber"; Value = "61300621121"; VariantName = "[No Variations]"
Add component (AddParameter): Name = "PinNumber"; Value = "06p"; VariantName = "[No Variations]"
Add component (AddParameter): Name = "PublishedDate"; Value = "July 2016"; VariantName = "[No Variations]"
Add component (AddParameter): Name = "Publisher"; Value = "Wurth Elektronik"; VariantName = "[No Variations]"
Add component (AddParameter): Name = "ComponentLink1Description"; Value = "Manufacturer"; VariantName = "[No Variations]"
Add component (AddParameter): Name = "ComponentLink1URL"; Value = "http://www.we-online.de"; VariantName = "[No Variations]"
Add component (AddParameter): Name = "ComponentLink2Description"; Value = "Datasheet"; VariantName = "[No Variations]"
Add component (AddParameter): Name = "ComponentLink2URL"; Value = "http://katalog.we-online.de/em/datasheet/6130xx21121.pdf"; VariantName = "[No Variations]"
Add component (AddParameter): Name = "PartNumber"; Value = "61300621121"; VariantName = "[No Variations]"
Add component (AddParameter): Name = "PinNumber"; Value = "06p"; VariantName = "[No Variations]"
Add component (AddParameter): Name = "PublishedDate"; Value = "July 2016"; VariantName = "[No Variations]"
Add component (AddParameter): Name = "Publisher"; Value = "Wurth Elektronik"; VariantName = "[No Variations]"
Added Component: Designator=J3(61300621121)
Add component. Clean all parameters for all variants
Add component (AddParameter): Name = "ComponentLink1Description"; Value = "Manufacturer"; VariantName = "[No Variations]"
Add component (AddParameter): Name = "ComponentLink1URL"; Value = "http://www.we-online.de"; VariantName = "[No Variations]"
Add component (AddParameter): Name = "ComponentLink2Description"; Value = "Datasheet"; VariantName = "[No Variations]"
Add component (AddParameter): Name = "ComponentLink2URL"; Value = "http://katalog.we-online.de/em/datasheet/6130xx21121.pdf"; VariantName = "[No Variations]"
Add component (AddParameter): Name = "PartNumber"; Value = "61300621121"; VariantName = "[No Variations]"
Add component (AddParameter): Name = "PinNumber"; Value = "06p"; VariantName = "[No Variations]"
Add component (AddParameter): Name = "PublishedDate"; Value = "July 2016"; VariantName = "[No Variations]"
Add component (AddParameter): Name = "Publisher"; Value = "Wurth Elektronik"; VariantName = "[No Variations]"
Added Pin To Net: NetName=PWM1 Pin=J1-4
Added Pin To Net: NetName=PWM2 Pin=J1-5
Added Pin To Net: NetName=PWM3 Pin=J1-6
Added Pin To Net: NetName=CS1 Pin=J2-1
Added Pin To Net: NetName=CS2 Pin=J2-2
Added Pin To Net: NetName=CS3 Pin=J2-3
Added Pin To Net: NetName=LC1 Pin=J3-1
Added Pin To Net: NetName=LC2 Pin=J3-2
Added Pin To Net: NetName=LC3 Pin=J3-3
Added Pin To Net: NetName=NetJ1_1 Pin=J1-1
Added Pin To Net: NetName=NetJ1_1 Pin=J1-2
Added Pin To Net: NetName=NetJ1_1 Pin=J1-3
Added Pin To Net: NetName=NetJ1_1 Pin=P4-1
Added Net: Name=NetJ1_1
Added Pin To Net: NetName=NetJ2_4 Pin=J2-4
Added Pin To Net: NetName=NetJ2_4 Pin=J2-5
Added Pin To Net: NetName=NetJ2_4 Pin=J2-6
Added Pin To Net: NetName=NetJ2_4 Pin=P1-8
Added Net: Name=NetJ2_4
Added Pin To Net: NetName=NetJ3_4 Pin=J3-4
Added Pin To Net: NetName=NetJ3_4 Pin=J3-5
Added Pin To Net: NetName=NetJ3_4 Pin=J3-6
Added Pin To Net: NetName=NetJ3_4 Pin=U1-7
Added Net: Name=NetJ3_4
Added Member To Class: ClassName=Sheet2 Member=Component J1 servo pwm jumper
Added Member To Class: ClassName=Sheet2 Member=Component J2 encoder chip select jumper
Added Member To Class: ClassName=Sheet2 Member=Component J3 load cell jumper
